<?xml version="1.0" encoding="UTF-8"?>
<coverage generated="1655872380031" clover="3.2.0">
  <project timestamp="1655872380031" name="All files">
    <metrics statements="14" coveredstatements="6" conditionals="10" coveredconditionals="4" methods="8" coveredmethods="3" elements="32" coveredelements="13" complexity="0" loc="14" ncloc="14" packages="2" files="2" classes="2"/>
    <package name="my-closet">
      <metrics statements="3" coveredstatements="1" conditionals="2" coveredconditionals="0" methods="3" coveredmethods="1"/>
      <file name="utils.js" path="/Users/han/Development/my-closet/utils.js">
        <metrics statements="3" coveredstatements="1" conditionals="2" coveredconditionals="0" methods="3" coveredmethods="1"/>
        <line num="2" count="0" type="cond" truecount="0" falsecount="2"/>
        <line num="9" count="0" type="stmt"/>
        <line num="13" count="1" type="stmt"/>
      </file>
    </package>
    <package name="my-closet.server">
      <metrics statements="11" coveredstatements="5" conditionals="8" coveredconditionals="4" methods="5" coveredmethods="2"/>
      <file name="item.js" path="/Users/han/Development/my-closet/server/item.js">
        <metrics statements="11" coveredstatements="5" conditionals="8" coveredconditionals="4" methods="5" coveredmethods="2"/>
        <line num="1" count="1" type="stmt"/>
        <line num="17" count="1" type="stmt"/>
        <line num="18" count="1" type="stmt"/>
        <line num="20" count="6" type="cond" truecount="3" falsecount="1"/>
        <line num="21" count="0" type="stmt"/>
        <line num="26" count="1" type="cond" truecount="1" falsecount="1"/>
        <line num="37" count="0" type="stmt"/>
        <line num="38" count="0" type="stmt"/>
        <line num="41" count="0" type="cond" truecount="0" falsecount="2"/>
        <line num="43" count="0" type="stmt"/>
        <line num="47" count="0" type="stmt"/>
      </file>
    </package>
  </project>
</coverage>
