{"/Users/han/Development/my-closet/utils.js": {"path":"/Users/han/Development/my-closet/utils.js","statementMap":{"0":{"start":{"line":2,"column":4},"end":{"line":2,"column":39}},"1":{"start":{"line":9,"column":4},"end":{"line":9,"column":57}},"2":{"start":{"line":13,"column":4},"end":{"line":13,"column":17}}},"fnMap":{"0":{"name":"isEmpty","decl":{"start":{"line":1,"column":9},"end":{"line":1,"column":16}},"loc":{"start":{"line":1,"column":22},"end":{"line":3,"column":1}},"line":1},"1":{"name":"createRandomID","decl":{"start":{"line":5,"column":9},"end":{"line":5,"column":23}},"loc":{"start":{"line":5,"column":26},"end":{"line":10,"column":1}},"line":5},"2":{"name":"sum","decl":{"start":{"line":12,"column":9},"end":{"line":12,"column":12}},"loc":{"start":{"line":12,"column":19},"end":{"line":14,"column":1}},"line":12}},"branchMap":{"0":{"loc":{"start":{"line":2,"column":12},"end":{"line":2,"column":36}},"type":"binary-expr","locations":[{"start":{"line":2,"column":12},"end":{"line":2,"column":16}},{"start":{"line":2,"column":20},"end":{"line":2,"column":36}}],"line":2}},"s":{"0":0,"1":0,"2":1},"f":{"0":0,"1":0,"2":1},"b":{"0":[0,0]},"_coverageSchema":"1a1c01bbd47fc00a2c39e90264f33305004495a9","hash":"d9d9706a0c60c0e43158cef80eaf39e144352cc3"}
,"/Users/han/Development/my-closet/server/item.js": {"path":"/Users/han/Development/my-closet/server/item.js","statementMap":{"0":{"start":{"line":1,"column":29},"end":{"line":9,"column":1}},"1":{"start":{"line":17,"column":19},"end":{"line":17,"column":21}},"2":{"start":{"line":18,"column":4},"end":{"line":24,"column":6}},"3":{"start":{"line":20,"column":12},"end":{"line":22,"column":13}},"4":{"start":{"line":21,"column":16},"end":{"line":21,"column":65}},"5":{"start":{"line":26,"column":4},"end":{"line":26,"column":54}},"6":{"start":{"line":37,"column":26},"end":{"line":37,"column":28}},"7":{"start":{"line":38,"column":4},"end":{"line":42,"column":7}},"8":{"start":{"line":41,"column":8},"end":{"line":41,"column":69}},"9":{"start":{"line":41,"column":34},"end":{"line":41,"column":69}},"10":{"start":{"line":43,"column":4},"end":{"line":43,"column":25}},"11":{"start":{"line":47,"column":4},"end":{"line":47,"column":29}}},"fnMap":{"0":{"name":"validateItem","decl":{"start":{"line":16,"column":9},"end":{"line":16,"column":21}},"loc":{"start":{"line":16,"column":28},"end":{"line":27,"column":1}},"line":16},"1":{"name":"(anonymous_1)","decl":{"start":{"line":19,"column":8},"end":{"line":19,"column":9}},"loc":{"start":{"line":19,"column":19},"end":{"line":23,"column":9}},"line":19},"2":{"name":"cleanupItem","decl":{"start":{"line":36,"column":9},"end":{"line":36,"column":20}},"loc":{"start":{"line":36,"column":27},"end":{"line":44,"column":1}},"line":36},"3":{"name":"(anonymous_3)","decl":{"start":{"line":38,"column":30},"end":{"line":38,"column":31}},"loc":{"start":{"line":38,"column":41},"end":{"line":42,"column":5}},"line":38},"4":{"name":"convertIssue","decl":{"start":{"line":46,"column":9},"end":{"line":46,"column":21}},"loc":{"start":{"line":46,"column":28},"end":{"line":48,"column":1}},"line":46}},"branchMap":{"0":{"loc":{"start":{"line":20,"column":12},"end":{"line":22,"column":13}},"type":"if","locations":[{"start":{"line":20,"column":12},"end":{"line":22,"column":13}},{"start":{},"end":{}}],"line":20},"1":{"loc":{"start":{"line":20,"column":16},"end":{"line":20,"column":67}},"type":"binary-expr","locations":[{"start":{"line":20,"column":16},"end":{"line":20,"column":51}},{"start":{"line":20,"column":55},"end":{"line":20,"column":67}}],"line":20},"2":{"loc":{"start":{"line":26,"column":12},"end":{"line":26,"column":52}},"type":"cond-expr","locations":[{"start":{"line":26,"column":28},"end":{"line":26,"column":45}},{"start":{"line":26,"column":48},"end":{"line":26,"column":52}}],"line":26},"3":{"loc":{"start":{"line":41,"column":8},"end":{"line":41,"column":69}},"type":"if","locations":[{"start":{"line":41,"column":8},"end":{"line":41,"column":69}},{"start":{},"end":{}}],"line":41}},"s":{"0":1,"1":1,"2":1,"3":6,"4":0,"5":1,"6":0,"7":0,"8":0,"9":0,"10":0,"11":0},"f":{"0":1,"1":6,"2":0,"3":0,"4":0},"b":{"0":[0,6],"1":[6,1],"2":[0,1],"3":[0,0]},"_coverageSchema":"1a1c01bbd47fc00a2c39e90264f33305004495a9","hash":"d2140bdb977f338bc88f62ecf8e8ebf56b52763c"}
}
