{"/Users/han/Development/my-closet/src/jsx/item-list/ItemList.jsx": {"path":"/Users/han/Development/my-closet/src/jsx/item-list/ItemList.jsx","statementMap":{"0":{"start":{"line":10,"column":12},"end":{"line":10,"column":34}},"1":{"start":{"line":13,"column":4},"end":{"line":20,"column":5}},"2":{"start":{"line":14,"column":23},"end":{"line":14,"column":47}},"3":{"start":{"line":15,"column":21},"end":{"line":15,"column":40}},"4":{"start":{"line":16,"column":8},"end":{"line":16,"column":33}},"5":{"start":{"line":17,"column":8},"end":{"line":17,"column":28}},"6":{"start":{"line":19,"column":8},"end":{"line":19,"column":20}},"7":{"start":{"line":25,"column":8},"end":{"line":25,"column":16}},"8":{"start":{"line":26,"column":8},"end":{"line":29,"column":10}},"9":{"start":{"line":31,"column":8},"end":{"line":31,"column":53}},"10":{"start":{"line":32,"column":8},"end":{"line":32,"column":53}},"11":{"start":{"line":36,"column":8},"end":{"line":36,"column":29}},"12":{"start":{"line":37,"column":8},"end":{"line":37,"column":55}},"13":{"start":{"line":41,"column":8},"end":{"line":41,"column":38}},"14":{"start":{"line":42,"column":29},"end":{"line":42,"column":39}},"15":{"start":{"line":43,"column":25},"end":{"line":43,"column":50}},"16":{"start":{"line":44,"column":25},"end":{"line":44,"column":40}},"17":{"start":{"line":46,"column":8},"end":{"line":48,"column":9}},"18":{"start":{"line":47,"column":12},"end":{"line":47,"column":19}},"19":{"start":{"line":52,"column":8},"end":{"line":52,"column":47}},"20":{"start":{"line":53,"column":8},"end":{"line":67,"column":11}},"21":{"start":{"line":54,"column":12},"end":{"line":63,"column":13}},"22":{"start":{"line":55,"column":16},"end":{"line":58,"column":19}},"23":{"start":{"line":56,"column":20},"end":{"line":56,"column":81}},"24":{"start":{"line":57,"column":20},"end":{"line":57,"column":59}},"25":{"start":{"line":60,"column":16},"end":{"line":62,"column":19}},"26":{"start":{"line":61,"column":20},"end":{"line":61,"column":70}},"27":{"start":{"line":65,"column":12},"end":{"line":65,"column":21}},"28":{"start":{"line":66,"column":12},"end":{"line":66,"column":24}},"29":{"start":{"line":71,"column":26},"end":{"line":71,"column":36}},"30":{"start":{"line":74,"column":8},"end":{"line":92,"column":90}},"31":{"start":{"line":81,"column":12},"end":{"line":81,"column":26}},"32":{"start":{"line":82,"column":12},"end":{"line":91,"column":13}},"33":{"start":{"line":83,"column":16},"end":{"line":86,"column":19}},"34":{"start":{"line":84,"column":36},"end":{"line":84,"column":62}},"35":{"start":{"line":85,"column":20},"end":{"line":85,"column":54}},"36":{"start":{"line":88,"column":16},"end":{"line":90,"column":19}},"37":{"start":{"line":89,"column":20},"end":{"line":89,"column":68}},"38":{"start":{"line":92,"column":28},"end":{"line":92,"column":86}},"39":{"start":{"line":96,"column":8},"end":{"line":106,"column":11}},"40":{"start":{"line":100,"column":12},"end":{"line":105,"column":13}},"41":{"start":{"line":101,"column":16},"end":{"line":101,"column":48}},"42":{"start":{"line":103,"column":16},"end":{"line":103,"column":37}},"43":{"start":{"line":104,"column":16},"end":{"line":104,"column":56}},"44":{"start":{"line":110,"column":34},"end":{"line":110,"column":44}},"45":{"start":{"line":112,"column":8},"end":{"line":124,"column":10}}},"fnMap":{"0":{"name":"loadItemData","decl":{"start":{"line":12,"column":22},"end":{"line":12,"column":34}},"loc":{"start":{"line":12,"column":48},"end":{"line":21,"column":1}},"line":12},"1":{"name":"(anonymous_1)","decl":{"start":{"line":24,"column":4},"end":{"line":24,"column":5}},"loc":{"start":{"line":24,"column":18},"end":{"line":33,"column":5}},"line":24},"2":{"name":"(anonymous_2)","decl":{"start":{"line":35,"column":4},"end":{"line":35,"column":5}},"loc":{"start":{"line":35,"column":24},"end":{"line":38,"column":5}},"line":35},"3":{"name":"(anonymous_3)","decl":{"start":{"line":40,"column":4},"end":{"line":40,"column":5}},"loc":{"start":{"line":40,"column":45},"end":{"line":49,"column":5}},"line":40},"4":{"name":"(anonymous_4)","decl":{"start":{"line":51,"column":4},"end":{"line":51,"column":5}},"loc":{"start":{"line":51,"column":20},"end":{"line":68,"column":5}},"line":51},"5":{"name":"(anonymous_5)","decl":{"start":{"line":53,"column":62},"end":{"line":53,"column":63}},"loc":{"start":{"line":53,"column":76},"end":{"line":64,"column":9}},"line":53},"6":{"name":"(anonymous_6)","decl":{"start":{"line":55,"column":37},"end":{"line":55,"column":38}},"loc":{"start":{"line":55,"column":47},"end":{"line":58,"column":17}},"line":55},"7":{"name":"(anonymous_7)","decl":{"start":{"line":60,"column":37},"end":{"line":60,"column":38}},"loc":{"start":{"line":60,"column":48},"end":{"line":62,"column":17}},"line":60},"8":{"name":"(anonymous_8)","decl":{"start":{"line":64,"column":17},"end":{"line":64,"column":18}},"loc":{"start":{"line":64,"column":26},"end":{"line":67,"column":9}},"line":64},"9":{"name":"(anonymous_9)","decl":{"start":{"line":70,"column":4},"end":{"line":70,"column":5}},"loc":{"start":{"line":70,"column":24},"end":{"line":93,"column":5}},"line":70},"10":{"name":"(anonymous_10)","decl":{"start":{"line":80,"column":16},"end":{"line":80,"column":17}},"loc":{"start":{"line":80,"column":30},"end":{"line":92,"column":9}},"line":80},"11":{"name":"(anonymous_11)","decl":{"start":{"line":83,"column":37},"end":{"line":83,"column":38}},"loc":{"start":{"line":83,"column":55},"end":{"line":86,"column":17}},"line":83},"12":{"name":"(anonymous_12)","decl":{"start":{"line":88,"column":37},"end":{"line":88,"column":38}},"loc":{"start":{"line":88,"column":48},"end":{"line":90,"column":17}},"line":88},"13":{"name":"(anonymous_13)","decl":{"start":{"line":92,"column":17},"end":{"line":92,"column":18}},"loc":{"start":{"line":92,"column":26},"end":{"line":92,"column":88}},"line":92},"14":{"name":"(anonymous_14)","decl":{"start":{"line":95,"column":4},"end":{"line":95,"column":5}},"loc":{"start":{"line":95,"column":19},"end":{"line":107,"column":5}},"line":95},"15":{"name":"(anonymous_15)","decl":{"start":{"line":99,"column":14},"end":{"line":99,"column":15}},"loc":{"start":{"line":99,"column":28},"end":{"line":106,"column":9}},"line":99},"16":{"name":"(anonymous_16)","decl":{"start":{"line":109,"column":4},"end":{"line":109,"column":5}},"loc":{"start":{"line":109,"column":13},"end":{"line":125,"column":5}},"line":109}},"branchMap":{"0":{"loc":{"start":{"line":46,"column":8},"end":{"line":48,"column":9}},"type":"if","locations":[{"start":{"line":46,"column":8},"end":{"line":48,"column":9}},{"start":{},"end":{}}],"line":46},"1":{"loc":{"start":{"line":54,"column":12},"end":{"line":63,"column":13}},"type":"if","locations":[{"start":{"line":54,"column":12},"end":{"line":63,"column":13}},{"start":{"line":59,"column":19},"end":{"line":63,"column":13}}],"line":54},"2":{"loc":{"start":{"line":82,"column":12},"end":{"line":91,"column":13}},"type":"if","locations":[{"start":{"line":82,"column":12},"end":{"line":91,"column":13}},{"start":{"line":87,"column":19},"end":{"line":91,"column":13}}],"line":82},"3":{"loc":{"start":{"line":100,"column":12},"end":{"line":105,"column":13}},"type":"if","locations":[{"start":{"line":100,"column":12},"end":{"line":105,"column":13}},{"start":{"line":102,"column":19},"end":{"line":105,"column":13}}],"line":100}},"s":{"0":1,"1":0,"2":0,"3":0,"4":0,"5":0,"6":0,"7":0,"8":0,"9":0,"10":0,"11":0,"12":0,"13":0,"14":0,"15":0,"16":0,"17":0,"18":0,"19":0,"20":0,"21":0,"22":0,"23":0,"24":0,"25":0,"26":0,"27":0,"28":0,"29":0,"30":0,"31":0,"32":0,"33":0,"34":0,"35":0,"36":0,"37":0,"38":0,"39":0,"40":0,"41":0,"42":0,"43":0,"44":0,"45":0},"f":{"0":0,"1":0,"2":0,"3":0,"4":0,"5":0,"6":0,"7":0,"8":0,"9":0,"10":0,"11":0,"12":0,"13":0,"14":0,"15":0,"16":0},"b":{"0":[0,0],"1":[0,0],"2":[0,0],"3":[0,0]},"_coverageSchema":"1a1c01bbd47fc00a2c39e90264f33305004495a9","hash":"8a83bacd723af021d22f1bdf5cb02868b797d36f"}
}
