TN:
SF:utils.js
FN:1,isEmpty
FN:5,createRandomID
FN:12,sum
FNF:3
FNH:1
FNDA:0,isEmpty
FNDA:0,createRandomID
FNDA:1,sum
DA:2,0
DA:9,0
DA:13,1
LF:3
LH:1
BRDA:2,0,0,0
BRDA:2,0,1,0
BRF:2
BRH:0
end_of_record
TN:
SF:server/item.js
FN:16,validateItem
FN:19,(anonymous_1)
FN:36,cleanupItem
FN:38,(anonymous_3)
FN:46,convertIssue
FNF:5
FNH:2
FNDA:1,validateItem
FNDA:6,(anonymous_1)
FNDA:0,cleanupItem
FNDA:0,(anonymous_3)
FNDA:0,convertIssue
DA:1,1
DA:17,1
DA:18,1
DA:20,6
DA:21,0
DA:26,1
DA:37,0
DA:38,0
DA:41,0
DA:43,0
DA:47,0
LF:11
LH:5
BRDA:20,0,0,0
BRDA:20,0,1,6
BRDA:20,1,0,6
BRDA:20,1,1,1
BRDA:26,2,0,0
BRDA:26,2,1,1
BRDA:41,3,0,0
BRDA:41,3,1,0
BRF:8
BRH:4
end_of_record
