TN:
SF:utils.js
FN:1,isEmpty
FN:5,createRandomID
FN:12,sum
FNF:3
FNH:1
FNDA:0,isEmpty
FNDA:0,createRandomID
FNDA:1,sum
DA:2,0
DA:9,0
DA:13,1
LF:3
LH:1
BRDA:2,0,0,0
BRDA:2,0,1,0
BRF:2
BRH:0
end_of_record
TN:
SF:server/item.js
FN:16,validateItem
FN:19,(anonymous_1)
FN:36,cleanupItem
FN:38,(anonymous_3)
FN:46,convertIssue
FNF:5
FNH:2
FNDA:1,validateItem
FNDA:6,(anonymous_1)
FNDA:0,cleanupItem
FNDA:0,(anonymous_3)
FNDA:0,convertIssue
DA:1,1
DA:17,1
DA:18,1
DA:20,6
DA:21,0
DA:26,1
DA:37,0
DA:38,0
DA:41,0
DA:43,0
DA:47,0
LF:11
LH:5
BRDA:20,0,0,0
BRDA:20,0,1,6
BRDA:20,1,0,6
BRDA:20,1,1,1
BRDA:26,2,0,0
BRDA:26,2,1,1
BRDA:41,3,0,0
BRDA:41,3,1,0
BRF:8
BRH:4
end_of_record
TN:
SF:src/jsx/CreateBrandLabel.jsx
FN:10,(anonymous_0)
FN:17,(anonymous_1)
FN:20,(anonymous_2)
FN:26,(anonymous_3)
FN:34,(anonymous_4)
FN:38,(anonymous_5)
FN:55,(anonymous_6)
FN:58,(anonymous_7)
FN:69,(anonymous_8)
FN:73,(anonymous_9)
FN:79,(anonymous_10)
FNF:11
FNH:0
FNDA:0,(anonymous_0)
FNDA:0,(anonymous_1)
FNDA:0,(anonymous_2)
FNDA:0,(anonymous_3)
FNDA:0,(anonymous_4)
FNDA:0,(anonymous_5)
FNDA:0,(anonymous_6)
FNDA:0,(anonymous_7)
FNDA:0,(anonymous_8)
FNDA:0,(anonymous_9)
FNDA:0,(anonymous_10)
DA:3,1
DA:6,0
DA:11,0
DA:18,0
DA:21,0
DA:27,0
DA:28,0
DA:29,0
DA:30,0
DA:31,0
DA:35,0
DA:39,0
DA:41,0
DA:43,0
DA:45,0
DA:47,0
DA:49,0
DA:56,0
DA:57,0
DA:58,0
DA:59,0
DA:62,0
DA:64,0
DA:69,0
DA:70,0
DA:74,0
DA:75,0
DA:80,0
LF:28
LH:1
BRDA:57,0,0,0
BRDA:57,0,1,0
BRF:2
BRH:0
end_of_record
TN:
SF:src/jsx/ItemMeta.jsx
FNF:0
FNH:0
DA:1,1
DA:17,1
DA:31,1
LF:3
LH:3
BRF:0
BRH:0
end_of_record
TN:
SF:src/jsx/item-create/CreateItem.jsx
FN:13,(anonymous_0)
FN:23,(anonymous_1)
FN:51,(anonymous_2)
FN:57,(anonymous_3)
FN:63,(anonymous_4)
FN:98,(anonymous_5)
FN:109,(anonymous_6)
FNF:7
FNH:0
FNDA:0,(anonymous_0)
FNDA:0,(anonymous_1)
FNDA:0,(anonymous_2)
FNDA:0,(anonymous_3)
FNDA:0,(anonymous_4)
FNDA:0,(anonymous_5)
FNDA:0,(anonymous_6)
DA:14,0
DA:15,0
DA:18,0
DA:24,0
DA:25,0
DA:26,0
DA:28,0
DA:29,0
DA:31,0
DA:40,0
DA:44,0
DA:45,0
DA:46,0
DA:47,0
DA:48,0
DA:51,0
DA:52,0
DA:57,0
DA:58,0
DA:64,0
DA:65,0
DA:66,0
DA:99,0
DA:110,0
LF:24
LH:0
BRF:0
BRH:0
end_of_record
TN:
SF:src/jsx/item-list/DeleteItem.jsx
FN:4,(anonymous_0)
FN:6,(anonymous_1)
FNF:2
FNH:0
FNDA:0,(anonymous_0)
FNDA:0,(anonymous_1)
DA:5,0
DA:6,0
LF:2
LH:0
BRF:0
BRH:0
end_of_record
TN:
SF:src/jsx/item-list/ItemList.jsx
FN:12,loadItemData
FN:24,(anonymous_1)
FN:35,(anonymous_2)
FN:40,(anonymous_3)
FN:51,(anonymous_4)
FN:53,(anonymous_5)
FN:55,(anonymous_6)
FN:60,(anonymous_7)
FN:64,(anonymous_8)
FN:70,(anonymous_9)
FN:80,(anonymous_10)
FN:83,(anonymous_11)
FN:88,(anonymous_12)
FN:92,(anonymous_13)
FN:95,(anonymous_14)
FN:99,(anonymous_15)
FN:109,(anonymous_16)
FNF:17
FNH:1
FNDA:1,loadItemData
FNDA:0,(anonymous_1)
FNDA:0,(anonymous_2)
FNDA:0,(anonymous_3)
FNDA:0,(anonymous_4)
FNDA:0,(anonymous_5)
FNDA:0,(anonymous_6)
FNDA:0,(anonymous_7)
FNDA:0,(anonymous_8)
FNDA:0,(anonymous_9)
FNDA:0,(anonymous_10)
FNDA:0,(anonymous_11)
FNDA:0,(anonymous_12)
FNDA:0,(anonymous_13)
FNDA:0,(anonymous_14)
FNDA:0,(anonymous_15)
FNDA:0,(anonymous_16)
DA:10,1
DA:13,1
DA:14,1
DA:15,0
DA:16,0
DA:17,0
DA:19,1
DA:25,0
DA:26,0
DA:31,0
DA:32,0
DA:36,0
DA:37,0
DA:41,0
DA:42,0
DA:43,0
DA:44,0
DA:46,0
DA:47,0
DA:52,0
DA:53,0
DA:54,0
DA:55,0
DA:56,0
DA:57,0
DA:60,0
DA:61,0
DA:65,0
DA:66,0
DA:71,0
DA:74,0
DA:81,0
DA:82,0
DA:83,0
DA:84,0
DA:85,0
DA:88,0
DA:89,0
DA:92,0
DA:96,0
DA:100,0
DA:101,0
DA:103,0
DA:104,0
DA:110,0
DA:112,0
LF:46
LH:4
BRDA:46,0,0,0
BRDA:46,0,1,0
BRDA:54,1,0,0
BRDA:54,1,1,0
BRDA:82,2,0,0
BRDA:82,2,1,0
BRDA:100,3,0,0
BRDA:100,3,1,0
BRF:8
BRH:0
end_of_record
TN:
SF:src/jsx/item-list/ItemRow.jsx
FN:8,(anonymous_0)
FNF:1
FNH:0
FNDA:0,(anonymous_0)
DA:8,1
DA:9,0
DA:10,0
DA:12,0
LF:4
LH:1
BRDA:9,0,0,0
BRDA:9,0,1,0
BRDA:10,1,0,0
BRDA:10,1,1,0
BRF:4
BRH:0
end_of_record
TN:
SF:src/jsx/item-list/ItemTable.jsx
FN:7,(anonymous_0)
FN:13,(anonymous_1)
FN:23,(anonymous_2)
FNF:3
FNH:0
FNDA:0,(anonymous_0)
FNDA:0,(anonymous_1)
FNDA:0,(anonymous_2)
DA:5,1
DA:7,1
DA:8,0
DA:14,0
DA:24,0
DA:25,0
LF:6
LH:2
BRF:0
BRH:0
end_of_record
TN:
SF:src/jsx/shared/ItemBrandForm.jsx
FN:3,ItemBrandForm
FN:6,(anonymous_1)
FN:10,loadBrandName
FN:11,(anonymous_3)
FN:13,(anonymous_4)
FN:18,(anonymous_5)
FN:32,(anonymous_6)
FNF:7
FNH:0
FNDA:0,ItemBrandForm
FNDA:0,(anonymous_1)
FNDA:0,loadBrandName
FNDA:0,(anonymous_3)
FNDA:0,(anonymous_4)
FNDA:0,(anonymous_5)
FNDA:0,(anonymous_6)
DA:4,0
DA:6,0
DA:7,0
DA:11,0
DA:12,0
DA:13,0
DA:14,0
DA:15,0
DA:18,0
DA:19,0
DA:25,0
DA:27,0
DA:33,0
LF:13
LH:0
BRDA:12,0,0,0
BRDA:12,0,1,0
BRF:2
BRH:0
end_of_record
TN:
SF:src/jsx/shared/ItemSizeForm.jsx
FN:5,(anonymous_0)
FN:13,(anonymous_1)
FNF:2
FNH:0
FNDA:0,(anonymous_0)
FNDA:0,(anonymous_1)
DA:5,1
DA:6,0
DA:8,0
DA:14,0
LF:4
LH:1
BRF:0
BRH:0
end_of_record
